<?xml version="1.0" encoding="UTF-8" ?>
<testsuite tests="3" failures="0" name="cucumber.CucumberRunnerTest" time="1.473" errors="0" skipped="0">
  <properties>
    <property name="java.runtime.name" value="Java(TM) SE Runtime Environment"/>
    <property name="sun.boot.library.path" value="C:\work\git\pulse-localdev\.tools\jdk1.8.0_74\jre\bin"/>
    <property name="java.vm.version" value="25.74-b02"/>
    <property name="java.vm.vendor" value="Oracle Corporation"/>
    <property name="maven.multiModuleProjectDirectory" value="C:\work\public git uploaded\drools-library"/>
    <property name="java.vendor.url" value="http://java.oracle.com/"/>
    <property name="path.separator" value=";"/>
    <property name="guice.disable.misplaced.annotation.check" value="true"/>
    <property name="java.vm.name" value="Java HotSpot(TM) 64-Bit Server VM"/>
    <property name="file.encoding.pkg" value="sun.io"/>
    <property name="user.script" value=""/>
    <property name="user.country" value="GB"/>
    <property name="sun.java.launcher" value="SUN_STANDARD"/>
    <property name="sun.os.patch.level" value=""/>
    <property name="java.vm.specification.name" value="Java Virtual Machine Specification"/>
    <property name="user.dir" value="C:\work\public git uploaded\drools-library"/>
    <property name="java.runtime.version" value="1.8.0_74-b02"/>
    <property name="java.awt.graphicsenv" value="sun.awt.Win32GraphicsEnvironment"/>
    <property name="java.endorsed.dirs" value="C:\work\git\pulse-localdev\.tools\jdk1.8.0_74\jre\lib\endorsed"/>
    <property name="os.arch" value="amd64"/>
    <property name="java.io.tmpdir" value="C:\Users\vsingh\AppData\Local\Temp\"/>
    <property name="line.separator" value="
"/>
    <property name="java.vm.specification.vendor" value="Oracle Corporation"/>
    <property name="user.variant" value=""/>
    <property name="os.name" value="Windows 10"/>
    <property name="classworlds.conf" value="C:\work\git\pulse-localdev\.tools\maven-3.5.0-AMADEUS-2\bin\..\bin\m2.conf"/>
    <property name="sun.jnu.encoding" value="Cp1252"/>
    <property name="java.library.path" value="C:\work\git\pulse-localdev\.tools\jdk1.8.0_74\bin;C:\windows\Sun\Java\bin;C:\windows\system32;C:\windows;C:\work\git\pulse-localdev\.tools\jdk1.8.0_74\bin;C:\work\git\pulse-localdev\.tools\maven-3.5.0-AMADEUS-2\bin;C:\work\git\pulse-localdev\.tools/../.bin-windows;C:\Program Files (x86)\Common Files\Oracle\Java\javapath;C:\Program Files (x86)\RSA SecurID Token Common;C:\Program Files (x86)\Intel\Intel(R) Management Engine Components\iCLS\;C:\Program Files\Intel\Intel(R) Management Engine Components\iCLS\;C:\windows\system32;C:\windows;C:\windows\System32\Wbem;C:\Windows\System32\WindowsPowerShell\v1.0\;C:\windows\System32\OpenSSH\;C:\Program Files (x86)\Intel\Intel(R) Management Engine Components\DAL;C:\Program Files\Intel\Intel(R) Management Engine Components\DAL;C:\Program Files (x86)\Intel\Intel(R) Management Engine Components\IPT;C:\Program Files\Intel\Intel(R) Management Engine Components\IPT;C:\Program Files (x86)\Sennheiser\SoftphoneSDK\;C:\HashiCorp\Vagrant\bin;C:\Program Files\Git\cmd;C:\work\tools\openshift-origin-client-tools-v3.11.0-0cbc58b-windows;C:\work\tools\python;C:\work\tools\python\Scripts;C:\Program Files\MongoDB\Server\4.0\bin;C:\work\tools\sonarqube-7.6\bin\windows-x86-64;C:\Android;C:\Windows\System32;C:\Program Files (x86)\Webex\Webex\Applications;C:\Program Files\nodejs;C:\Program Files\PuTTY\;C:\work\tools\gradle\gradle-5.4.1-all\gradle-5.4.1\bin;C:\work\tools\nodejs\;C:\Ruby26-x64\bin;C:\Users\vsingh\AppData\Local\Microsoft\WindowsApps;C:\Users\vsingh\AppData\Local\atom\bin;C:\Users\vsingh\AppData\Roaming\npm;C:\Users\vsingh\AppData\Local\Programs\Microsoft VS Code\bin;."/>
    <property name="maven.conf" value="C:\work\git\pulse-localdev\.tools\maven-3.5.0-AMADEUS-2\bin\../conf"/>
    <property name="java.specification.name" value="Java Platform API Specification"/>
    <property name="java.class.version" value="52.0"/>
    <property name="sun.management.compiler" value="HotSpot 64-Bit Tiered Compilers"/>
    <property name="os.version" value="10.0"/>
    <property name="library.jansi.path" value="C:\work\git\pulse-localdev\.tools\maven-3.5.0-AMADEUS-2\bin\..\lib\jansi-native\windows64"/>
    <property name="user.home" value="C:\Users\vsingh"/>
    <property name="user.timezone" value="Europe/London"/>
    <property name="java.awt.printerjob" value="sun.awt.windows.WPrinterJob"/>
    <property name="java.specification.version" value="1.8"/>
    <property name="file.encoding" value="Cp1252"/>
    <property name="user.name" value="vsingh"/>
    <property name="java.class.path" value="C:\work\git\pulse-localdev\.tools\maven-3.5.0-AMADEUS-2\bin\..\boot\plexus-classworlds-2.5.2.jar"/>
    <property name="java.vm.specification.version" value="1.8"/>
    <property name="sun.arch.data.model" value="64"/>
    <property name="java.home" value="C:\work\git\pulse-localdev\.tools\jdk1.8.0_74\jre"/>
    <property name="sun.java.command" value="org.codehaus.plexus.classworlds.launcher.Launcher clean install"/>
    <property name="java.specification.vendor" value="Oracle Corporation"/>
    <property name="user.language" value="en"/>
    <property name="awt.toolkit" value="sun.awt.windows.WToolkit"/>
    <property name="java.vm.info" value="mixed mode"/>
    <property name="java.version" value="1.8.0_74"/>
    <property name="java.ext.dirs" value="C:\work\git\pulse-localdev\.tools\jdk1.8.0_74\jre\lib\ext;C:\windows\Sun\Java\lib\ext"/>
    <property name="sun.boot.class.path" value="C:\work\git\pulse-localdev\.tools\jdk1.8.0_74\jre\lib\resources.jar;C:\work\git\pulse-localdev\.tools\jdk1.8.0_74\jre\lib\rt.jar;C:\work\git\pulse-localdev\.tools\jdk1.8.0_74\jre\lib\sunrsasign.jar;C:\work\git\pulse-localdev\.tools\jdk1.8.0_74\jre\lib\jsse.jar;C:\work\git\pulse-localdev\.tools\jdk1.8.0_74\jre\lib\jce.jar;C:\work\git\pulse-localdev\.tools\jdk1.8.0_74\jre\lib\charsets.jar;C:\work\git\pulse-localdev\.tools\jdk1.8.0_74\jre\lib\jfr.jar;C:\work\git\pulse-localdev\.tools\jdk1.8.0_74\jre\classes"/>
    <property name="sun.stderr.encoding" value="cp850"/>
    <property name="java.vendor" value="Oracle Corporation"/>
    <property name="maven.home" value="C:\work\git\pulse-localdev\.tools\maven-3.5.0-AMADEUS-2\bin\.."/>
    <property name="file.separator" value="\"/>
    <property name="java.vendor.url.bug" value="http://bugreport.sun.com/bugreport/"/>
    <property name="sun.cpu.endian" value="little"/>
    <property name="sun.io.unicode.encoding" value="UnicodeLittle"/>
    <property name="sun.stdout.encoding" value="cp850"/>
    <property name="sun.desktop" value="windows"/>
    <property name="sun.cpu.isalist" value="amd64"/>
  </properties>
  <testcase classname="AND Connector Scenarios" name="Rule should fired as person exist" time="1.448"/>
  <testcase classname="Not Connector Scenarios" name="Rule doesn&apos;t fired as person exist" time="0.023"/>
  <testcase classname="Not Connector Scenarios" name="Rule fired as person doesn&apos;t exist" time="0.002"/>
</testsuite>